GROUP,PACKAGE,CLASS,INSTRUCTION_MISSED,INSTRUCTION_COVERED,BRANCH_MISSED,BRANCH_COVERED,LINE_MISSED,LINE_COVERED,COMPLEXITY_MISSED,COMPLEXITY_COVERED,METHOD_MISSED,METHOD_COVERED
jExt,jext,ExtensionManager,147,486,14,21,33,106,16,39,6,31
jExt,jext,LoadStrategy,0,34,0,0,0,4,0,1,0,1
jExt,jext,ExtensionProcessor,511,0,50,0,112,0,39,0,14,0
jExt,jext.internal,ExtensionVersion,4,76,1,7,1,15,2,9,1,6
jExt,jext.internal,InternalExtensionLoader,10,16,0,0,4,4,1,3,1,3
jExt,jext.internal,ExtensionLoadContext,67,102,7,1,14,25,6,15,2,15
