<?xml version="1.0" encoding="UTF-8"?>
<testsuite name="jext.processor.TestProcessor" time="9.512" tests="6" errors="0" skipped="0" failures="0">
  <properties>
[...]
</properties>
  <testcase name="extensionNotImplementingExtensionPointShouldRaiseCompilationError" classname="jext.processor.TestProcessor" time="6.711"/>
  <testcase name="extensionPointWithInvalidVersionShouldRaiseCompilationError" classname="jext.processor.TestProcessor" time="0.519"/>
  <testcase name="extensionImplementingNotAnnotatedExtensionPointShouldRaiseCompilationError" classname="jext.processor.TestProcessor" time="0.764"/>
  <testcase name="projectWithExtensionsGenerateManifest" classname="jext.processor.TestProcessor" time="0.671"/>
  <testcase name="extensionPointWithoutModuleFileShouldRaiseCompilationError" classname="jext.processor.TestProcessor" time="0.491"/>
  <testcase name="extensionsNotDeclaredInModuleShouldRaiseCompilationError" classname="jext.processor.TestProcessor" time="0.356"/>
</testsuite>